mode: set
parallel-calculator/cmd/agent_server/main.go:9.13,18.2 6 0
parallel-calculator/cmd/orchestrator_server/main.go:20.13,27.16 5 0
parallel-calculator/cmd/orchestrator_server/main.go:27.16,29.3 1 0
parallel-calculator/cmd/orchestrator_server/main.go:32.2,51.12 10 0
parallel-calculator/cmd/orchestrator_server/main.go:51.12,53.84 2 0
parallel-calculator/cmd/orchestrator_server/main.go:53.84,55.4 1 0
parallel-calculator/cmd/orchestrator_server/main.go:60.2,66.16 5 0
parallel-calculator/cmd/orchestrator_server/main.go:66.16,68.3 1 0
parallel-calculator/cmd/orchestrator_server/main.go:69.2,77.68 6 0
parallel-calculator/internal/config/config.go:39.36,42.47 2 0
parallel-calculator/internal/config/config.go:42.47,44.17 2 0
parallel-calculator/internal/config/config.go:44.17,46.4 1 0
parallel-calculator/internal/config/config.go:47.8,51.3 2 0
parallel-calculator/internal/config/config.go:53.2,53.44 1 0
parallel-calculator/internal/config/config.go:53.44,55.3 1 0
parallel-calculator/internal/config/config.go:55.8,57.3 1 0
parallel-calculator/internal/config/config.go:59.2,59.45 1 0
parallel-calculator/internal/config/config.go:59.45,61.3 1 0
parallel-calculator/internal/config/config.go:61.8,63.3 1 0
parallel-calculator/internal/config/config.go:65.2,65.40 1 0
parallel-calculator/internal/config/config.go:65.40,68.17 3 0
parallel-calculator/internal/config/config.go:68.17,70.4 1 0
parallel-calculator/internal/config/config.go:71.8,73.3 1 0
parallel-calculator/internal/config/config.go:75.2,75.41 1 0
parallel-calculator/internal/config/config.go:75.41,77.17 2 0
parallel-calculator/internal/config/config.go:77.17,79.4 1 0
parallel-calculator/internal/config/config.go:80.3,80.67 1 0
parallel-calculator/internal/config/config.go:81.8,83.3 1 0
parallel-calculator/internal/config/config.go:85.2,85.44 1 0
parallel-calculator/internal/config/config.go:85.44,87.17 2 0
parallel-calculator/internal/config/config.go:87.17,89.4 1 0
parallel-calculator/internal/config/config.go:90.3,90.70 1 0
parallel-calculator/internal/config/config.go:91.8,93.3 1 0
parallel-calculator/internal/config/config.go:95.2,95.47 1 0
parallel-calculator/internal/config/config.go:95.47,97.17 2 0
parallel-calculator/internal/config/config.go:97.17,99.4 1 0
parallel-calculator/internal/config/config.go:100.3,100.73 1 0
parallel-calculator/internal/config/config.go:101.8,103.3 1 0
parallel-calculator/internal/config/config.go:105.2,105.41 1 0
parallel-calculator/internal/config/config.go:105.41,107.17 2 0
parallel-calculator/internal/config/config.go:107.17,109.4 1 0
parallel-calculator/internal/config/config.go:110.3,110.67 1 0
parallel-calculator/internal/config/config.go:111.8,113.3 1 0
parallel-calculator/internal/config/config.go:115.2,115.49 1 0
parallel-calculator/internal/config/config.go:115.49,117.17 2 0
parallel-calculator/internal/config/config.go:117.17,119.4 1 0
parallel-calculator/internal/config/config.go:120.3,120.74 1 0
parallel-calculator/internal/config/config.go:121.8,123.3 1 0
parallel-calculator/internal/config/config.go:125.2,125.36 1 0
parallel-calculator/internal/config/config.go:125.36,127.3 1 0
parallel-calculator/internal/config/config.go:127.8,129.3 1 0
parallel-calculator/internal/config/config.go:131.2,131.46 1 0
parallel-calculator/internal/config/config.go:131.46,133.3 1 0
parallel-calculator/internal/config/config.go:133.8,135.3 1 0
parallel-calculator/internal/config/config.go:141.2,146.21 4 0
parallel-calculator/internal/config/config.go:146.21,149.3 1 0
parallel-calculator/internal/config/config.go:150.2,150.21 1 0
parallel-calculator/internal/config/config.go:150.21,153.3 1 0
parallel-calculator/internal/config/config.go:153.8,156.3 1 0
parallel-calculator/internal/config/config.go:159.2,159.32 1 0
parallel-calculator/internal/config/config.go:159.32,161.3 1 0
parallel-calculator/internal/config/config.go:161.8,164.3 2 0
parallel-calculator/internal/config/config.go:166.2,166.35 1 0
parallel-calculator/internal/config/config.go:166.35,168.3 1 0
parallel-calculator/internal/config/config.go:168.8,171.3 2 0
parallel-calculator/internal/config/config.go:174.2,174.47 1 0
parallel-calculator/internal/config/config.go:174.47,176.17 2 0
parallel-calculator/internal/config/config.go:176.17,179.4 2 0
parallel-calculator/internal/config/config.go:179.9,181.4 1 0
parallel-calculator/internal/config/config.go:182.8,185.3 2 0
parallel-calculator/internal/logger/logger.go:17.24,18.17 1 0
parallel-calculator/internal/logger/logger.go:18.17,20.3 1 0
parallel-calculator/internal/logger/logger.go:21.2,21.17 1 0
parallel-calculator/internal/logger/logger.go:24.25,25.18 1 0
parallel-calculator/internal/logger/logger.go:25.18,27.3 1 0
parallel-calculator/internal/logger/logger.go:28.2,28.18 1 0
parallel-calculator/internal/logger/logger.go:35.58,39.2 3 0
parallel-calculator/internal/logger/logger.go:41.24,44.35 2 0
parallel-calculator/internal/logger/logger.go:44.35,46.3 1 0
parallel-calculator/internal/logger/logger.go:48.2,49.16 2 0
parallel-calculator/internal/logger/logger.go:49.16,54.3 4 0
parallel-calculator/internal/logger/logger.go:56.2,58.72 3 0
parallel-calculator/internal/logger/logger.go:61.25,64.36 2 0
parallel-calculator/internal/logger/logger.go:64.36,66.3 1 0
parallel-calculator/internal/logger/logger.go:68.2,69.16 2 0
parallel-calculator/internal/logger/logger.go:69.16,74.3 4 0
parallel-calculator/internal/logger/logger.go:76.2,78.72 3 0
parallel-calculator/internal/logger/logger.go:81.20,82.20 1 0
parallel-calculator/internal/logger/logger.go:82.20,84.3 1 0
parallel-calculator/proto/task.pb.go:31.34,36.2 4 0
parallel-calculator/proto/task.pb.go:38.42,40.2 1 0
parallel-calculator/proto/task.pb.go:42.40,42.41 0 0
parallel-calculator/proto/task.pb.go:44.62,46.14 2 0
parallel-calculator/proto/task.pb.go:46.14,48.34 2 0
parallel-calculator/proto/task.pb.go:48.34,50.4 1 0
parallel-calculator/proto/task.pb.go:51.3,51.12 1 0
parallel-calculator/proto/task.pb.go:53.2,53.24 1 0
parallel-calculator/proto/task.pb.go:57.53,59.2 1 0
parallel-calculator/proto/task.pb.go:75.35,80.2 4 0
parallel-calculator/proto/task.pb.go:82.43,84.2 1 0
parallel-calculator/proto/task.pb.go:86.41,86.42 0 0
parallel-calculator/proto/task.pb.go:88.63,90.14 2 0
parallel-calculator/proto/task.pb.go:90.14,92.34 2 0
parallel-calculator/proto/task.pb.go:92.34,94.4 1 0
parallel-calculator/proto/task.pb.go:95.3,95.12 1 0
parallel-calculator/proto/task.pb.go:97.2,97.24 1 0
parallel-calculator/proto/task.pb.go:101.54,103.2 1 0
parallel-calculator/proto/task.pb.go:105.45,106.14 1 0
parallel-calculator/proto/task.pb.go:106.14,108.3 1 0
parallel-calculator/proto/task.pb.go:109.2,109.14 1 0
parallel-calculator/proto/task.pb.go:112.42,113.14 1 0
parallel-calculator/proto/task.pb.go:113.14,115.3 1 0
parallel-calculator/proto/task.pb.go:116.2,116.10 1 0
parallel-calculator/proto/task.pb.go:119.50,120.14 1 0
parallel-calculator/proto/task.pb.go:120.14,122.3 1 0
parallel-calculator/proto/task.pb.go:123.2,123.10 1 0
parallel-calculator/proto/task.pb.go:126.51,127.14 1 0
parallel-calculator/proto/task.pb.go:127.14,129.3 1 0
parallel-calculator/proto/task.pb.go:130.2,130.10 1 0
parallel-calculator/proto/task.pb.go:133.48,134.14 1 0
parallel-calculator/proto/task.pb.go:134.14,136.3 1 0
parallel-calculator/proto/task.pb.go:137.2,137.11 1 0
parallel-calculator/proto/task.pb.go:140.54,141.14 1 0
parallel-calculator/proto/task.pb.go:141.14,143.3 1 0
parallel-calculator/proto/task.pb.go:144.2,144.10 1 0
parallel-calculator/proto/task.pb.go:157.37,162.2 4 0
parallel-calculator/proto/task.pb.go:164.45,166.2 1 0
parallel-calculator/proto/task.pb.go:168.43,168.44 0 0
parallel-calculator/proto/task.pb.go:170.65,172.14 2 0
parallel-calculator/proto/task.pb.go:172.14,174.34 2 0
parallel-calculator/proto/task.pb.go:174.34,176.4 1 0
parallel-calculator/proto/task.pb.go:177.3,177.12 1 0
parallel-calculator/proto/task.pb.go:179.2,179.24 1 0
parallel-calculator/proto/task.pb.go:183.56,185.2 1 0
parallel-calculator/proto/task.pb.go:187.44,188.14 1 0
parallel-calculator/proto/task.pb.go:188.14,190.3 1 0
parallel-calculator/proto/task.pb.go:191.2,191.10 1 0
parallel-calculator/proto/task.pb.go:194.49,195.14 1 0
parallel-calculator/proto/task.pb.go:195.14,197.3 1 0
parallel-calculator/proto/task.pb.go:198.2,198.10 1 0
parallel-calculator/proto/task.pb.go:201.47,202.14 1 0
parallel-calculator/proto/task.pb.go:202.14,204.3 1 0
parallel-calculator/proto/task.pb.go:205.2,205.11 1 0
parallel-calculator/proto/task.pb.go:217.38,222.2 4 0
parallel-calculator/proto/task.pb.go:224.46,226.2 1 0
parallel-calculator/proto/task.pb.go:228.44,228.45 0 0
parallel-calculator/proto/task.pb.go:230.66,232.14 2 0
parallel-calculator/proto/task.pb.go:232.14,234.34 2 0
parallel-calculator/proto/task.pb.go:234.34,236.4 1 0
parallel-calculator/proto/task.pb.go:237.3,237.12 1 0
parallel-calculator/proto/task.pb.go:239.2,239.24 1 0
parallel-calculator/proto/task.pb.go:243.57,245.2 1 0
parallel-calculator/proto/task.pb.go:247.48,248.14 1 0
parallel-calculator/proto/task.pb.go:248.14,250.3 1 0
parallel-calculator/proto/task.pb.go:251.2,251.14 1 0
parallel-calculator/proto/task.pb.go:254.48,255.14 1 0
parallel-calculator/proto/task.pb.go:255.14,257.3 1 0
parallel-calculator/proto/task.pb.go:258.2,258.11 1 0
parallel-calculator/proto/task.pb.go:292.49,293.46 1 0
parallel-calculator/proto/task.pb.go:293.46,295.3 1 0
parallel-calculator/proto/task.pb.go:296.2,296.42 1 0
parallel-calculator/proto/task.pb.go:318.13,318.45 1 0
parallel-calculator/proto/task.pb.go:319.35,320.34 1 0
parallel-calculator/proto/task.pb.go:320.34,322.3 1 0
parallel-calculator/proto/task.pb.go:323.2,339.37 5 0
parallel-calculator/proto/task_grpc.pb.go:42.74,44.2 1 0
parallel-calculator/proto/task_grpc.pb.go:46.129,50.16 4 0
parallel-calculator/proto/task_grpc.pb.go:50.16,52.3 1 0
parallel-calculator/proto/task_grpc.pb.go:53.2,53.17 1 0
parallel-calculator/proto/task_grpc.pb.go:56.142,60.16 4 0
parallel-calculator/proto/task_grpc.pb.go:60.16,62.3 1 0
parallel-calculator/proto/task_grpc.pb.go:63.2,63.17 1 0
parallel-calculator/proto/task_grpc.pb.go:86.107,88.2 1 0
parallel-calculator/proto/task_grpc.pb.go:89.120,91.2 1 0
parallel-calculator/proto/task_grpc.pb.go:92.82,92.83 0 0
parallel-calculator/proto/task_grpc.pb.go:93.82,93.83 0 0
parallel-calculator/proto/task_grpc.pb.go:102.80,107.59 1 0
parallel-calculator/proto/task_grpc.pb.go:107.59,109.3 1 0
parallel-calculator/proto/task_grpc.pb.go:110.2,110.50 1 0
parallel-calculator/proto/task_grpc.pb.go:113.164,115.32 2 0
parallel-calculator/proto/task_grpc.pb.go:115.32,117.3 1 0
parallel-calculator/proto/task_grpc.pb.go:118.2,118.24 1 0
parallel-calculator/proto/task_grpc.pb.go:118.24,120.3 1 0
parallel-calculator/proto/task_grpc.pb.go:121.2,125.77 2 0
parallel-calculator/proto/task_grpc.pb.go:125.77,127.3 1 0
parallel-calculator/proto/task_grpc.pb.go:128.2,128.44 1 0
parallel-calculator/proto/task_grpc.pb.go:131.171,133.32 2 0
parallel-calculator/proto/task_grpc.pb.go:133.32,135.3 1 0
parallel-calculator/proto/task_grpc.pb.go:136.2,136.24 1 0
parallel-calculator/proto/task_grpc.pb.go:136.24,138.3 1 0
parallel-calculator/proto/task_grpc.pb.go:139.2,143.77 2 0
parallel-calculator/proto/task_grpc.pb.go:143.77,145.3 1 0
parallel-calculator/proto/task_grpc.pb.go:146.2,146.44 1 0
parallel-calculator/internal/agent/agent.go:29.56,31.2 1 1
parallel-calculator/internal/agent/agent.go:34.50,35.21 1 0
parallel-calculator/internal/agent/agent.go:35.21,38.17 3 0
parallel-calculator/internal/agent/agent.go:38.17,40.4 1 0
parallel-calculator/internal/agent/agent.go:42.2,42.12 1 0
parallel-calculator/internal/agent/agent.go:46.54,47.41 1 0
parallel-calculator/internal/agent/agent.go:47.41,49.3 1 0
parallel-calculator/internal/agent/agent.go:52.2,53.16 2 0
parallel-calculator/internal/agent/agent.go:53.16,55.3 1 0
parallel-calculator/internal/agent/agent.go:58.2,58.21 1 0
parallel-calculator/internal/agent/agent.go:58.21,60.3 1 0
parallel-calculator/internal/agent/agent.go:63.2,69.8 1 0
parallel-calculator/internal/agent/agent.go:73.69,74.41 1 0
parallel-calculator/internal/agent/agent.go:74.41,76.3 1 0
parallel-calculator/internal/agent/agent.go:79.2,85.44 2 0
parallel-calculator/internal/agent/agent.go:89.43,90.21 1 0
parallel-calculator/internal/agent/agent.go:90.21,92.3 1 0
parallel-calculator/internal/agent/agent.go:93.2,93.12 1 0
parallel-calculator/internal/agent/agent.go:100.19,103.13 2 0
parallel-calculator/internal/agent/agent.go:103.13,106.3 2 0
parallel-calculator/internal/agent/agent.go:108.2,112.26 4 0
parallel-calculator/internal/agent/agent.go:112.26,114.3 1 0
parallel-calculator/internal/agent/agent.go:117.2,130.16 9 0
parallel-calculator/internal/agent/agent.go:130.16,132.3 1 0
parallel-calculator/internal/agent/agent.go:134.2,139.6 3 0
parallel-calculator/internal/agent/agent.go:139.6,145.17 3 0
parallel-calculator/internal/agent/agent.go:145.17,148.12 2 0
parallel-calculator/internal/agent/agent.go:150.3,150.18 1 0
parallel-calculator/internal/agent/agent.go:150.18,151.12 1 0
parallel-calculator/internal/agent/agent.go:153.3,153.22 1 0
parallel-calculator/internal/agent/worker.go:12.41,14.2 1 1
parallel-calculator/internal/agent/worker.go:17.50,18.31 1 1
parallel-calculator/internal/agent/worker.go:18.31,23.24 4 1
parallel-calculator/internal/agent/worker.go:24.12,25.45 1 1
parallel-calculator/internal/agent/worker.go:26.12,27.45 1 1
parallel-calculator/internal/agent/worker.go:28.12,29.45 1 1
parallel-calculator/internal/agent/worker.go:30.12,31.28 1 1
parallel-calculator/internal/agent/worker.go:31.28,34.5 2 1
parallel-calculator/internal/agent/worker.go:34.10,36.5 1 1
parallel-calculator/internal/agent/worker.go:38.3,45.28 3 1
parallel-calculator/internal/agent/worker.go:45.28,48.4 2 0
parallel-calculator/internal/agent/worker.go:51.3,53.17 2 1
parallel-calculator/internal/agent/worker.go:53.17,56.4 2 0
parallel-calculator/internal/auth/auth.go:31.51,50.16 5 1
parallel-calculator/internal/auth/auth.go:50.16,52.3 1 0
parallel-calculator/internal/auth/auth.go:54.2,54.25 1 1
parallel-calculator/internal/auth/auth.go:58.57,60.104 1 1
parallel-calculator/internal/auth/auth.go:60.104,62.58 1 1
parallel-calculator/internal/auth/auth.go:62.58,64.4 1 0
parallel-calculator/internal/auth/auth.go:65.3,65.49 1 1
parallel-calculator/internal/auth/auth.go:68.2,68.16 1 1
parallel-calculator/internal/auth/auth.go:68.16,69.42 1 1
parallel-calculator/internal/auth/auth.go:69.42,71.4 1 1
parallel-calculator/internal/auth/auth.go:72.3,72.30 1 1
parallel-calculator/internal/auth/auth.go:76.2,77.25 2 1
parallel-calculator/internal/auth/auth.go:77.25,79.3 1 0
parallel-calculator/internal/auth/auth.go:81.2,81.20 1 1
parallel-calculator/internal/auth/auth.go:85.62,87.22 2 1
parallel-calculator/internal/auth/auth.go:87.22,89.3 1 1
parallel-calculator/internal/auth/auth.go:92.2,93.45 2 1
parallel-calculator/internal/auth/auth.go:93.45,95.3 1 1
parallel-calculator/internal/auth/auth.go:97.2,97.22 1 1
parallel-calculator/internal/auth/auth.go:101.61,103.16 2 1
parallel-calculator/internal/auth/auth.go:103.16,105.3 1 1
parallel-calculator/internal/auth/auth.go:107.2,108.16 2 1
parallel-calculator/internal/auth/auth.go:108.16,110.3 1 1
parallel-calculator/internal/auth/auth.go:112.2,112.18 1 1
parallel-calculator/internal/auth/handlers.go:29.55,31.61 2 1
parallel-calculator/internal/auth/handlers.go:31.61,34.3 2 0
parallel-calculator/internal/auth/handlers.go:37.2,37.43 1 1
parallel-calculator/internal/auth/handlers.go:37.43,40.3 2 1
parallel-calculator/internal/auth/handlers.go:43.2,44.16 2 1
parallel-calculator/internal/auth/handlers.go:44.16,45.37 1 1
parallel-calculator/internal/auth/handlers.go:45.37,48.4 2 1
parallel-calculator/internal/auth/handlers.go:49.3,50.9 2 0
parallel-calculator/internal/auth/handlers.go:54.2,54.30 1 1
parallel-calculator/internal/auth/handlers.go:58.52,60.61 2 1
parallel-calculator/internal/auth/handlers.go:60.61,63.3 2 1
parallel-calculator/internal/auth/handlers.go:66.2,67.16 2 1
parallel-calculator/internal/auth/handlers.go:67.16,68.67 1 1
parallel-calculator/internal/auth/handlers.go:68.67,71.4 2 1
parallel-calculator/internal/auth/handlers.go:72.3,73.9 2 0
parallel-calculator/internal/auth/handlers.go:77.2,78.16 2 1
parallel-calculator/internal/auth/handlers.go:78.16,81.3 2 0
parallel-calculator/internal/auth/handlers.go:84.2,93.33 4 1
parallel-calculator/internal/auth/middleware.go:14.53,15.71 1 1
parallel-calculator/internal/auth/middleware.go:15.71,18.17 2 1
parallel-calculator/internal/auth/middleware.go:18.17,21.4 2 1
parallel-calculator/internal/auth/middleware.go:24.3,25.17 2 1
parallel-calculator/internal/auth/middleware.go:25.17,28.4 2 1
parallel-calculator/internal/auth/middleware.go:31.3,34.40 2 1
parallel-calculator/internal/auth/middleware.go:39.62,42.2 2 1
parallel-calculator/internal/auth/middleware.go:45.50,47.9 2 1
parallel-calculator/internal/auth/middleware.go:47.9,49.3 1 1
parallel-calculator/internal/auth/middleware.go:50.2,50.27 1 1
parallel-calculator/internal/grpc/client.go:21.65,25.16 2 1
parallel-calculator/internal/grpc/client.go:25.16,27.3 1 0
parallel-calculator/internal/grpc/client.go:30.2,35.8 2 1
parallel-calculator/internal/grpc/client.go:39.40,40.19 1 1
parallel-calculator/internal/grpc/client.go:40.19,42.3 1 1
parallel-calculator/internal/grpc/client.go:43.2,43.12 1 0
parallel-calculator/internal/grpc/client.go:48.51,57.16 5 1
parallel-calculator/internal/grpc/client.go:57.16,60.3 2 0
parallel-calculator/internal/grpc/client.go:63.2,63.19 1 1
parallel-calculator/internal/grpc/client.go:63.19,66.3 2 0
parallel-calculator/internal/grpc/client.go:69.2,78.18 3 1
parallel-calculator/internal/grpc/client.go:82.70,95.16 5 1
parallel-calculator/internal/grpc/client.go:95.16,98.3 2 0
parallel-calculator/internal/grpc/client.go:101.2,101.19 1 1
parallel-calculator/internal/grpc/client.go:101.19,104.3 2 0
parallel-calculator/internal/grpc/client.go:106.2,107.12 2 1
parallel-calculator/internal/grpc/server.go:21.119,25.16 3 1
parallel-calculator/internal/grpc/server.go:25.16,30.3 2 0
parallel-calculator/internal/grpc/server.go:33.2,33.20 1 1
parallel-calculator/internal/grpc/server.go:33.20,37.3 1 1
parallel-calculator/internal/grpc/server.go:40.2,41.16 2 1
parallel-calculator/internal/grpc/server.go:41.16,46.3 2 0
parallel-calculator/internal/grpc/server.go:50.2,51.30 2 1
parallel-calculator/internal/grpc/server.go:51.30,53.3 1 1
parallel-calculator/internal/grpc/server.go:54.2,54.31 1 1
parallel-calculator/internal/grpc/server.go:54.31,56.3 1 1
parallel-calculator/internal/grpc/server.go:59.2,60.26 2 1
parallel-calculator/internal/grpc/server.go:61.16,62.27 1 1
parallel-calculator/internal/grpc/server.go:63.11,64.27 1 1
parallel-calculator/internal/grpc/server.go:65.11,66.27 1 0
parallel-calculator/internal/grpc/server.go:67.10,68.27 1 0
parallel-calculator/internal/grpc/server.go:71.2,78.8 1 1
parallel-calculator/internal/grpc/server.go:82.132,93.16 4 1
parallel-calculator/internal/grpc/server.go:93.16,99.3 2 0
parallel-calculator/internal/grpc/server.go:101.2,104.8 1 1
parallel-calculator/internal/grpc/server.go:108.60,111.16 2 1
parallel-calculator/internal/grpc/server.go:111.16,113.3 1 0
parallel-calculator/internal/grpc/server.go:116.2,125.12 4 1
parallel-calculator/internal/grpc/server.go:125.12,126.70 1 1
parallel-calculator/internal/grpc/server.go:126.70,128.4 1 0
parallel-calculator/internal/grpc/server.go:131.2,131.15 1 1
parallel-calculator/internal/orchestrator/ast_parser.go:28.56,30.42 1 1
parallel-calculator/internal/orchestrator/ast_parser.go:30.42,32.3 1 0
parallel-calculator/internal/orchestrator/ast_parser.go:35.2,36.16 2 1
parallel-calculator/internal/orchestrator/ast_parser.go:36.16,38.3 1 0
parallel-calculator/internal/orchestrator/ast_parser.go:39.2,39.15 1 1
parallel-calculator/internal/orchestrator/ast_parser.go:39.15,40.17 1 1
parallel-calculator/internal/orchestrator/ast_parser.go:40.17,42.4 1 0
parallel-calculator/internal/orchestrator/ast_parser.go:46.2,46.75 1 1
parallel-calculator/internal/orchestrator/ast_parser.go:46.75,48.3 1 0
parallel-calculator/internal/orchestrator/ast_parser.go:51.2,51.20 1 1
parallel-calculator/internal/orchestrator/ast_parser.go:56.39,57.17 1 1
parallel-calculator/internal/orchestrator/ast_parser.go:57.17,59.3 1 0
parallel-calculator/internal/orchestrator/ast_parser.go:61.2,61.26 1 1
parallel-calculator/internal/orchestrator/ast_parser.go:62.23,64.15 1 1
parallel-calculator/internal/orchestrator/ast_parser.go:65.51,65.51 0 1
parallel-calculator/internal/orchestrator/ast_parser.go:67.11,68.55 1 0
parallel-calculator/internal/orchestrator/ast_parser.go:72.3,72.42 1 1
parallel-calculator/internal/orchestrator/ast_parser.go:72.42,74.4 1 0
parallel-calculator/internal/orchestrator/ast_parser.go:76.3,76.42 1 1
parallel-calculator/internal/orchestrator/ast_parser.go:76.42,78.4 1 0
parallel-calculator/internal/orchestrator/ast_parser.go:80.3,80.13 1 1
parallel-calculator/internal/orchestrator/ast_parser.go:82.22,84.26 1 1
parallel-calculator/internal/orchestrator/ast_parser.go:86.21,88.51 1 1
parallel-calculator/internal/orchestrator/ast_parser.go:88.51,90.4 1 0
parallel-calculator/internal/orchestrator/ast_parser.go:93.3,94.17 2 1
parallel-calculator/internal/orchestrator/ast_parser.go:94.17,96.4 1 0
parallel-calculator/internal/orchestrator/ast_parser.go:97.3,97.13 1 1
parallel-calculator/internal/orchestrator/ast_parser.go:99.10,101.61 2 0
parallel-calculator/internal/orchestrator/ast_parser.go:106.121,107.26 1 1
parallel-calculator/internal/orchestrator/ast_parser.go:108.21,115.17 3 1
parallel-calculator/internal/orchestrator/ast_parser.go:115.17,117.4 1 0
parallel-calculator/internal/orchestrator/ast_parser.go:118.3,119.16 2 1
parallel-calculator/internal/orchestrator/ast_parser.go:121.22,122.71 1 1
parallel-calculator/internal/orchestrator/ast_parser.go:124.23,131.24 2 1
parallel-calculator/internal/orchestrator/ast_parser.go:131.24,133.4 1 1
parallel-calculator/internal/orchestrator/ast_parser.go:136.3,136.42 1 1
parallel-calculator/internal/orchestrator/ast_parser.go:136.42,138.4 1 1
parallel-calculator/internal/orchestrator/ast_parser.go:139.3,139.42 1 1
parallel-calculator/internal/orchestrator/ast_parser.go:139.42,141.4 1 1
parallel-calculator/internal/orchestrator/ast_parser.go:144.3,145.40 2 1
parallel-calculator/internal/orchestrator/ast_parser.go:145.40,147.4 1 1
parallel-calculator/internal/orchestrator/ast_parser.go:150.3,154.17 2 1
parallel-calculator/internal/orchestrator/ast_parser.go:154.17,156.4 1 0
parallel-calculator/internal/orchestrator/ast_parser.go:159.3,159.21 1 1
parallel-calculator/internal/orchestrator/ast_parser.go:159.21,160.80 1 1
parallel-calculator/internal/orchestrator/ast_parser.go:160.80,162.5 1 0
parallel-calculator/internal/orchestrator/ast_parser.go:165.3,165.22 1 1
parallel-calculator/internal/orchestrator/ast_parser.go:165.22,166.81 1 1
parallel-calculator/internal/orchestrator/ast_parser.go:166.81,168.5 1 0
parallel-calculator/internal/orchestrator/ast_parser.go:171.3,171.20 1 1
parallel-calculator/internal/orchestrator/ast_parser.go:173.10,174.58 1 0
parallel-calculator/internal/orchestrator/ast_parser.go:179.51,180.26 1 1
parallel-calculator/internal/orchestrator/ast_parser.go:181.21,183.17 2 1
parallel-calculator/internal/orchestrator/ast_parser.go:183.17,185.4 1 0
parallel-calculator/internal/orchestrator/ast_parser.go:186.3,186.21 1 1
parallel-calculator/internal/orchestrator/ast_parser.go:187.22,188.28 1 1
parallel-calculator/internal/orchestrator/ast_parser.go:189.10,190.18 1 1
parallel-calculator/internal/orchestrator/db_integration.go:12.59,15.9 2 1
parallel-calculator/internal/orchestrator/db_integration.go:15.9,17.3 1 1
parallel-calculator/internal/orchestrator/db_integration.go:19.2,19.27 1 1
parallel-calculator/internal/orchestrator/db_integration.go:23.87,26.16 2 1
parallel-calculator/internal/orchestrator/db_integration.go:26.16,28.3 1 0
parallel-calculator/internal/orchestrator/db_integration.go:30.2,30.18 1 1
parallel-calculator/internal/orchestrator/db_integration.go:41.40,53.16 2 1
parallel-calculator/internal/orchestrator/db_integration.go:53.16,55.3 1 0
parallel-calculator/internal/orchestrator/db_integration.go:57.2,57.16 1 1
parallel-calculator/internal/orchestrator/db_integration.go:61.72,63.2 1 1
parallel-calculator/internal/orchestrator/db_integration.go:66.70,69.16 2 1
parallel-calculator/internal/orchestrator/db_integration.go:69.16,71.3 1 0
parallel-calculator/internal/orchestrator/db_integration.go:74.2,75.16 2 1
parallel-calculator/internal/orchestrator/db_integration.go:75.16,77.3 1 0
parallel-calculator/internal/orchestrator/db_integration.go:80.2,80.70 1 1
parallel-calculator/internal/orchestrator/db_integration.go:80.70,82.3 1 1
parallel-calculator/internal/orchestrator/db_integration.go:84.2,84.12 1 1
parallel-calculator/internal/orchestrator/db_integration.go:88.73,91.16 2 1
parallel-calculator/internal/orchestrator/db_integration.go:91.16,93.3 1 0
parallel-calculator/internal/orchestrator/db_integration.go:96.2,97.16 2 1
parallel-calculator/internal/orchestrator/db_integration.go:97.16,99.3 1 0
parallel-calculator/internal/orchestrator/db_integration.go:102.2,103.16 2 1
parallel-calculator/internal/orchestrator/db_integration.go:103.16,105.3 1 0
parallel-calculator/internal/orchestrator/db_integration.go:107.2,107.12 1 1
parallel-calculator/internal/orchestrator/db_integration.go:111.85,114.16 2 1
parallel-calculator/internal/orchestrator/db_integration.go:114.16,116.3 1 0
parallel-calculator/internal/orchestrator/db_integration.go:119.2,120.16 2 1
parallel-calculator/internal/orchestrator/db_integration.go:120.16,122.3 1 0
parallel-calculator/internal/orchestrator/db_integration.go:125.2,126.16 2 1
parallel-calculator/internal/orchestrator/db_integration.go:126.16,128.3 1 0
parallel-calculator/internal/orchestrator/db_integration.go:130.2,130.12 1 1
parallel-calculator/internal/orchestrator/db_integration.go:134.69,136.2 1 1
parallel-calculator/internal/orchestrator/db_integration.go:139.58,141.16 2 1
parallel-calculator/internal/orchestrator/db_integration.go:141.16,143.38 1 1
parallel-calculator/internal/orchestrator/db_integration.go:143.38,145.4 1 1
parallel-calculator/internal/orchestrator/db_integration.go:146.3,146.18 1 0
parallel-calculator/internal/orchestrator/db_integration.go:148.2,148.18 1 1
parallel-calculator/internal/orchestrator/db_integration.go:152.68,153.53 1 1
parallel-calculator/internal/orchestrator/db_integration.go:153.53,155.3 1 0
parallel-calculator/internal/orchestrator/db_integration.go:158.2,158.27 1 1
parallel-calculator/internal/orchestrator/db_integration.go:159.14,162.17 2 1
parallel-calculator/internal/orchestrator/db_integration.go:162.17,164.4 1 0
parallel-calculator/internal/orchestrator/db_integration.go:165.15,168.17 2 1
parallel-calculator/internal/orchestrator/db_integration.go:168.17,170.4 1 0
parallel-calculator/internal/orchestrator/db_integration.go:171.10,172.101 1 0
parallel-calculator/internal/orchestrator/db_integration.go:176.2,177.16 2 1
parallel-calculator/internal/orchestrator/db_integration.go:177.16,179.3 1 0
parallel-calculator/internal/orchestrator/db_integration.go:181.2,181.61 1 1
parallel-calculator/internal/orchestrator/db_integration.go:181.61,184.17 2 1
parallel-calculator/internal/orchestrator/db_integration.go:184.17,186.4 1 0
parallel-calculator/internal/orchestrator/db_integration.go:189.2,189.12 1 1
parallel-calculator/internal/orchestrator/db_integration.go:193.55,195.2 1 0
parallel-calculator/internal/orchestrator/db_integration.go:198.67,201.16 2 1
parallel-calculator/internal/orchestrator/db_integration.go:201.16,203.3 1 0
parallel-calculator/internal/orchestrator/db_integration.go:206.2,207.16 2 1
parallel-calculator/internal/orchestrator/db_integration.go:207.16,209.3 1 0
parallel-calculator/internal/orchestrator/db_integration.go:211.2,211.12 1 1
parallel-calculator/internal/orchestrator/endpoints.go:24.62,27.16 3 1
parallel-calculator/internal/orchestrator/endpoints.go:27.16,31.3 3 1
parallel-calculator/internal/orchestrator/endpoints.go:33.2,37.16 3 1
parallel-calculator/internal/orchestrator/endpoints.go:37.16,41.3 3 1
parallel-calculator/internal/orchestrator/endpoints.go:44.2,45.16 2 1
parallel-calculator/internal/orchestrator/endpoints.go:45.16,46.34 1 1
parallel-calculator/internal/orchestrator/endpoints.go:46.34,50.4 3 1
parallel-calculator/internal/orchestrator/endpoints.go:51.3,53.9 3 0
parallel-calculator/internal/orchestrator/endpoints.go:57.2,64.16 5 1
parallel-calculator/internal/orchestrator/endpoints.go:64.16,67.3 2 0
parallel-calculator/internal/orchestrator/endpoints.go:77.57,80.16 2 1
parallel-calculator/internal/orchestrator/endpoints.go:80.16,82.3 1 1
parallel-calculator/internal/orchestrator/endpoints.go:85.2,86.16 2 1
parallel-calculator/internal/orchestrator/endpoints.go:86.16,88.3 1 1
parallel-calculator/internal/orchestrator/endpoints.go:90.2,90.27 1 1
parallel-calculator/internal/orchestrator/endpoints.go:93.67,100.16 4 1
parallel-calculator/internal/orchestrator/endpoints.go:100.16,104.3 3 1
parallel-calculator/internal/orchestrator/endpoints.go:108.2,109.16 2 1
parallel-calculator/internal/orchestrator/endpoints.go:109.16,113.3 3 0
parallel-calculator/internal/orchestrator/endpoints.go:115.2,116.35 2 1
parallel-calculator/internal/orchestrator/endpoints.go:116.35,122.25 2 1
parallel-calculator/internal/orchestrator/endpoints.go:122.25,124.4 1 0
parallel-calculator/internal/orchestrator/endpoints.go:125.3,125.36 1 1
parallel-calculator/internal/orchestrator/endpoints.go:128.2,129.16 2 1
parallel-calculator/internal/orchestrator/endpoints.go:129.16,133.3 3 0
parallel-calculator/internal/orchestrator/endpoints.go:136.70,141.16 3 1
parallel-calculator/internal/orchestrator/endpoints.go:141.16,145.3 3 1
parallel-calculator/internal/orchestrator/endpoints.go:147.2,152.16 5 1
parallel-calculator/internal/orchestrator/endpoints.go:152.16,156.3 3 1
parallel-calculator/internal/orchestrator/endpoints.go:158.2,162.16 3 1
parallel-calculator/internal/orchestrator/endpoints.go:162.16,163.77 1 1
parallel-calculator/internal/orchestrator/endpoints.go:163.77,167.4 3 1
parallel-calculator/internal/orchestrator/endpoints.go:168.3,170.9 3 0
parallel-calculator/internal/orchestrator/endpoints.go:174.2,174.33 1 1
parallel-calculator/internal/orchestrator/endpoints.go:174.33,178.3 3 0
parallel-calculator/internal/orchestrator/endpoints.go:180.2,186.30 2 1
parallel-calculator/internal/orchestrator/endpoints.go:186.30,188.3 1 0
parallel-calculator/internal/orchestrator/endpoints.go:190.2,191.16 2 1
parallel-calculator/internal/orchestrator/endpoints.go:191.16,195.3 3 0
parallel-calculator/internal/orchestrator/orchestrator.go:25.53,27.16 2 1
parallel-calculator/internal/orchestrator/orchestrator.go:27.16,30.3 2 1
parallel-calculator/internal/orchestrator/orchestrator.go:31.2,31.17 1 1
parallel-calculator/internal/orchestrator/orchestrator.go:35.67,39.16 2 1
parallel-calculator/internal/orchestrator/orchestrator.go:39.16,41.3 1 0
parallel-calculator/internal/orchestrator/orchestrator.go:43.2,45.16 2 1
parallel-calculator/internal/orchestrator/orchestrator.go:45.16,50.3 2 1
parallel-calculator/internal/orchestrator/orchestrator.go:53.2,54.16 2 1
parallel-calculator/internal/orchestrator/orchestrator.go:54.16,58.3 2 0
parallel-calculator/internal/orchestrator/orchestrator.go:60.2,60.28 1 1
parallel-calculator/internal/orchestrator/orchestrator.go:64.55,67.16 2 1
parallel-calculator/internal/orchestrator/orchestrator.go:67.16,69.3 1 0
parallel-calculator/internal/orchestrator/orchestrator.go:73.2,73.49 1 1
parallel-calculator/internal/orchestrator/orchestrator.go:73.49,76.17 2 1
parallel-calculator/internal/orchestrator/orchestrator.go:76.17,78.4 1 0
parallel-calculator/internal/orchestrator/orchestrator.go:80.3,80.13 1 1
parallel-calculator/internal/orchestrator/orchestrator.go:84.2,85.16 2 1
parallel-calculator/internal/orchestrator/orchestrator.go:85.16,87.3 1 0
parallel-calculator/internal/orchestrator/orchestrator.go:90.2,91.16 2 1
parallel-calculator/internal/orchestrator/orchestrator.go:91.16,93.3 1 0
parallel-calculator/internal/orchestrator/orchestrator.go:96.2,96.25 1 1
parallel-calculator/internal/orchestrator/orchestrator.go:96.25,99.17 2 1
parallel-calculator/internal/orchestrator/orchestrator.go:99.17,101.4 1 0
parallel-calculator/internal/orchestrator/orchestrator.go:102.8,102.33 1 0
parallel-calculator/internal/orchestrator/orchestrator.go:102.33,106.17 2 0
parallel-calculator/internal/orchestrator/orchestrator.go:106.17,108.4 1 0
parallel-calculator/internal/orchestrator/orchestrator.go:112.2,112.12 1 1
parallel-calculator/internal/db/db.go:23.39,29.50 3 0
parallel-calculator/internal/db/db.go:29.50,30.50 1 0
parallel-calculator/internal/db/db.go:30.50,32.4 1 0
parallel-calculator/internal/db/db.go:35.2,39.16 3 0
parallel-calculator/internal/db/db.go:39.16,41.3 1 0
parallel-calculator/internal/db/db.go:44.2,44.33 1 0
parallel-calculator/internal/db/db.go:44.33,46.3 1 0
parallel-calculator/internal/db/db.go:48.2,48.77 1 0
parallel-calculator/internal/db/db.go:48.77,50.3 1 0
parallel-calculator/internal/db/db.go:52.2,52.12 1 0
parallel-calculator/internal/db/db.go:55.22,56.15 1 0
parallel-calculator/internal/db/db.go:56.15,58.3 1 0
parallel-calculator/internal/db/db.go:59.2,59.12 1 0
parallel-calculator/internal/db/db.go:63.24,69.31 4 1
parallel-calculator/internal/db/db.go:69.31,71.17 2 1
parallel-calculator/internal/db/db.go:71.17,73.4 1 0
parallel-calculator/internal/db/db.go:77.2,77.31 1 1
parallel-calculator/internal/db/db.go:77.31,79.17 2 1
parallel-calculator/internal/db/db.go:79.17,81.4 1 0
parallel-calculator/internal/db/db.go:84.2,84.12 1 1
parallel-calculator/internal/db/db.go:88.43,91.16 2 1
parallel-calculator/internal/db/db.go:91.16,93.3 1 0
parallel-calculator/internal/db/db.go:95.2,96.16 2 1
parallel-calculator/internal/db/db.go:96.16,98.3 1 0
parallel-calculator/internal/db/db.go:100.2,100.12 1 1
parallel-calculator/internal/db/expressions.go:14.77,21.16 4 1
parallel-calculator/internal/db/expressions.go:21.16,23.3 1 0
parallel-calculator/internal/db/expressions.go:24.2,25.16 2 1
parallel-calculator/internal/db/expressions.go:25.16,27.3 1 0
parallel-calculator/internal/db/expressions.go:28.2,35.8 1 1
parallel-calculator/internal/db/expressions.go:39.55,57.16 8 1
parallel-calculator/internal/db/expressions.go:57.16,58.27 1 0
parallel-calculator/internal/db/expressions.go:58.27,60.4 1 0
parallel-calculator/internal/db/expressions.go:61.3,61.18 1 0
parallel-calculator/internal/db/expressions.go:64.2,64.18 1 1
parallel-calculator/internal/db/expressions.go:64.18,67.3 2 1
parallel-calculator/internal/db/expressions.go:69.2,69.24 1 1
parallel-calculator/internal/db/expressions.go:69.24,72.3 2 1
parallel-calculator/internal/db/expressions.go:75.2,76.16 2 1
parallel-calculator/internal/db/expressions.go:76.16,78.3 1 0
parallel-calculator/internal/db/expressions.go:80.2,81.16 2 1
parallel-calculator/internal/db/expressions.go:81.16,83.3 1 0
parallel-calculator/internal/db/expressions.go:85.2,85.19 1 1
parallel-calculator/internal/db/expressions.go:89.60,97.2 4 1
parallel-calculator/internal/db/expressions.go:100.58,110.2 4 1
parallel-calculator/internal/db/expressions.go:113.62,123.2 4 1
parallel-calculator/internal/db/expressions.go:126.62,137.16 4 1
parallel-calculator/internal/db/expressions.go:137.16,139.3 1 0
parallel-calculator/internal/db/expressions.go:140.2,144.18 3 1
parallel-calculator/internal/db/expressions.go:144.18,154.17 6 1
parallel-calculator/internal/db/expressions.go:154.17,156.4 1 0
parallel-calculator/internal/db/expressions.go:158.3,158.19 1 1
parallel-calculator/internal/db/expressions.go:158.19,161.4 2 0
parallel-calculator/internal/db/expressions.go:163.3,163.25 1 1
parallel-calculator/internal/db/expressions.go:163.25,166.4 2 0
parallel-calculator/internal/db/expressions.go:169.3,170.17 2 1
parallel-calculator/internal/db/expressions.go:170.17,172.4 1 0
parallel-calculator/internal/db/expressions.go:175.3,176.17 2 1
parallel-calculator/internal/db/expressions.go:176.17,178.4 1 0
parallel-calculator/internal/db/expressions.go:180.3,180.43 1 1
parallel-calculator/internal/db/expressions.go:183.2,183.34 1 1
parallel-calculator/internal/db/expressions.go:183.34,185.3 1 0
parallel-calculator/internal/db/expressions.go:187.2,187.25 1 1
parallel-calculator/internal/db/operations.go:15.105,31.16 5 1
parallel-calculator/internal/db/operations.go:31.16,33.3 1 0
parallel-calculator/internal/db/operations.go:36.2,37.16 2 1
parallel-calculator/internal/db/operations.go:37.16,39.3 1 0
parallel-calculator/internal/db/operations.go:41.2,53.8 1 1
parallel-calculator/internal/db/operations.go:57.53,78.16 11 1
parallel-calculator/internal/db/operations.go:78.16,79.27 1 0
parallel-calculator/internal/db/operations.go:79.27,81.4 1 0
parallel-calculator/internal/db/operations.go:82.3,82.18 1 0
parallel-calculator/internal/db/operations.go:86.2,86.22 1 1
parallel-calculator/internal/db/operations.go:86.22,89.3 2 0
parallel-calculator/internal/db/operations.go:91.2,91.21 1 1
parallel-calculator/internal/db/operations.go:91.21,94.3 2 1
parallel-calculator/internal/db/operations.go:96.2,96.22 1 1
parallel-calculator/internal/db/operations.go:96.22,99.3 2 1
parallel-calculator/internal/db/operations.go:102.2,102.25 1 1
parallel-calculator/internal/db/operations.go:102.25,105.3 2 0
parallel-calculator/internal/db/operations.go:107.2,107.18 1 1
parallel-calculator/internal/db/operations.go:107.18,110.3 2 1
parallel-calculator/internal/db/operations.go:112.2,112.24 1 1
parallel-calculator/internal/db/operations.go:112.24,115.3 2 1
parallel-calculator/internal/db/operations.go:117.2,121.16 3 1
parallel-calculator/internal/db/operations.go:121.16,123.3 1 0
parallel-calculator/internal/db/operations.go:125.2,126.16 2 1
parallel-calculator/internal/db/operations.go:126.16,128.3 1 0
parallel-calculator/internal/db/operations.go:130.2,130.17 1 1
parallel-calculator/internal/db/operations.go:134.76,143.16 4 1
parallel-calculator/internal/db/operations.go:143.16,145.3 1 0
parallel-calculator/internal/db/operations.go:146.2,150.18 3 1
parallel-calculator/internal/db/operations.go:150.18,163.17 9 1
parallel-calculator/internal/db/operations.go:163.17,165.4 1 0
parallel-calculator/internal/db/operations.go:168.3,168.23 1 1
parallel-calculator/internal/db/operations.go:168.23,171.4 2 1
parallel-calculator/internal/db/operations.go:173.3,173.22 1 1
parallel-calculator/internal/db/operations.go:173.22,176.4 2 1
parallel-calculator/internal/db/operations.go:178.3,178.23 1 1
parallel-calculator/internal/db/operations.go:178.23,181.4 2 1
parallel-calculator/internal/db/operations.go:183.3,183.26 1 1
parallel-calculator/internal/db/operations.go:183.26,186.4 2 1
parallel-calculator/internal/db/operations.go:188.3,188.19 1 1
parallel-calculator/internal/db/operations.go:188.19,191.4 2 0
parallel-calculator/internal/db/operations.go:193.3,193.25 1 1
parallel-calculator/internal/db/operations.go:193.25,196.4 2 0
parallel-calculator/internal/db/operations.go:199.3,203.17 3 1
parallel-calculator/internal/db/operations.go:203.17,205.4 1 0
parallel-calculator/internal/db/operations.go:207.3,208.17 2 1
parallel-calculator/internal/db/operations.go:208.17,210.4 1 0
parallel-calculator/internal/db/operations.go:212.3,212.39 1 1
parallel-calculator/internal/db/operations.go:215.2,215.34 1 1
parallel-calculator/internal/db/operations.go:215.34,217.3 1 0
parallel-calculator/internal/db/operations.go:219.2,219.24 1 1
parallel-calculator/internal/db/operations.go:223.59,231.2 4 1
parallel-calculator/internal/db/operations.go:234.57,244.2 4 1
parallel-calculator/internal/db/operations.go:255.66,264.2 4 1
parallel-calculator/internal/db/operations.go:267.57,277.16 5 1
parallel-calculator/internal/db/operations.go:277.16,279.3 1 1
parallel-calculator/internal/db/operations.go:281.2,281.19 1 1
parallel-calculator/internal/db/operations.go:285.63,294.2 4 1
parallel-calculator/internal/db/operations.go:297.46,321.16 11 1
parallel-calculator/internal/db/operations.go:321.16,322.27 1 0
parallel-calculator/internal/db/operations.go:322.27,324.4 1 0
parallel-calculator/internal/db/operations.go:325.3,325.18 1 0
parallel-calculator/internal/db/operations.go:329.2,329.22 1 1
parallel-calculator/internal/db/operations.go:329.22,332.3 2 0
parallel-calculator/internal/db/operations.go:334.2,334.21 1 1
parallel-calculator/internal/db/operations.go:334.21,337.3 2 1
parallel-calculator/internal/db/operations.go:339.2,339.22 1 1
parallel-calculator/internal/db/operations.go:339.22,342.3 2 1
parallel-calculator/internal/db/operations.go:344.2,344.25 1 1
parallel-calculator/internal/db/operations.go:344.25,347.3 2 0
parallel-calculator/internal/db/operations.go:349.2,349.18 1 1
parallel-calculator/internal/db/operations.go:349.18,352.3 2 0
parallel-calculator/internal/db/operations.go:354.2,354.24 1 1
parallel-calculator/internal/db/operations.go:354.24,357.3 2 0
parallel-calculator/internal/db/operations.go:359.2,363.16 3 1
parallel-calculator/internal/db/operations.go:363.16,365.3 1 0
parallel-calculator/internal/db/operations.go:368.2,369.16 2 1
parallel-calculator/internal/db/operations.go:369.16,371.3 1 0
parallel-calculator/internal/db/operations.go:373.2,373.17 1 1
parallel-calculator/internal/db/operations.go:377.43,392.2 4 1
parallel-calculator/internal/db/operations.go:395.71,406.2 4 1
parallel-calculator/internal/db/operations.go:409.72,420.2 4 1
parallel-calculator/internal/db/users.go:19.56,25.16 5 1
parallel-calculator/internal/db/users.go:25.16,27.3 1 0
parallel-calculator/internal/db/users.go:28.2,28.15 1 1
parallel-calculator/internal/db/users.go:28.15,30.3 1 1
parallel-calculator/internal/db/users.go:33.2,34.16 2 1
parallel-calculator/internal/db/users.go:34.16,36.3 1 0
parallel-calculator/internal/db/users.go:39.2,43.16 2 1
parallel-calculator/internal/db/users.go:43.16,45.3 1 0
parallel-calculator/internal/db/users.go:47.2,48.16 2 1
parallel-calculator/internal/db/users.go:48.16,50.3 1 0
parallel-calculator/internal/db/users.go:52.2,57.8 1 1
parallel-calculator/internal/db/users.go:61.43,72.16 6 1
parallel-calculator/internal/db/users.go:72.16,73.27 1 1
parallel-calculator/internal/db/users.go:73.27,75.4 1 1
parallel-calculator/internal/db/users.go:76.3,76.18 1 0
parallel-calculator/internal/db/users.go:79.2,80.16 2 1
parallel-calculator/internal/db/users.go:80.16,82.3 1 0
parallel-calculator/internal/db/users.go:84.2,84.19 1 1
parallel-calculator/internal/db/users.go:88.50,99.16 6 1
parallel-calculator/internal/db/users.go:99.16,100.27 1 1
parallel-calculator/internal/db/users.go:100.27,102.4 1 1
parallel-calculator/internal/db/users.go:103.3,103.18 1 0
parallel-calculator/internal/db/users.go:106.2,107.16 2 1
parallel-calculator/internal/db/users.go:107.16,109.3 1 0
parallel-calculator/internal/db/users.go:111.2,111.19 1 1
parallel-calculator/internal/db/users.go:115.62,118.16 2 1
parallel-calculator/internal/db/users.go:118.16,120.3 1 1
parallel-calculator/internal/db/users.go:123.2,124.16 2 1
parallel-calculator/internal/db/users.go:124.16,126.3 1 1
parallel-calculator/internal/db/users.go:128.2,128.18 1 1
